undefined 2 message scheduled task Thu Dec 14 2023 11:00:00 GMT+0530 (India Standard Time) 2023-12-14T05:30:00.016Z 
undefined 2 message scheduled task Thu Dec 14 2023 11:05:00 GMT+0530 (India Standard Time) 2023-12-14T05:35:00.027Z 
undefined 2 message scheduled task Thu Dec 14 2023 11:10:00 GMT+0530 (India Standard Time) 2023-12-14T05:40:00.015Z 
undefined 2 message scheduled task Thu Dec 14 2023 11:15:00 GMT+0530 (India Standard Time) 2023-12-14T05:45:00.049Z 
undefined 2 message scheduled task Thu Dec 14 2023 11:20:00 GMT+0530 (India Standard Time) 2023-12-14T05:50:00.037Z 
undefined 2 message scheduled task Thu Dec 14 2023 11:25:00 GMT+0530 (India Standard Time) 2023-12-14T05:55:00.030Z 
undefined 2 message scheduled task Thu Dec 14 2023 11:43:27 GMT+0530 (India Standard Time) 2023-12-14T06:13:27.504Z 
undefined 2 message scheduled task Thu Dec 14 2023 11:43:27 GMT+0530 (India Standard Time) 2023-12-14T06:13:27.516Z 
undefined 2 message scheduled task Thu Dec 14 2023 11:43:27 GMT+0530 (India Standard Time) 2023-12-14T06:13:27.554Z 
undefined 2 message scheduled task Thu Dec 14 2023 11:45:00 GMT+0530 (India Standard Time) 2023-12-14T06:15:00.028Z 
undefined 2 message scheduled task Thu Dec 14 2023 11:50:00 GMT+0530 (India Standard Time) 2023-12-14T06:20:00.056Z 
undefined 2 message scheduled task Thu Dec 14 2023 11:55:00 GMT+0530 (India Standard Time) 2023-12-14T06:25:00.037Z 
undefined 2 message scheduled task Thu Dec 14 2023 12:00:00 GMT+0530 (India Standard Time) 2023-12-14T06:30:00.042Z 
undefined 2 message scheduled task Thu Dec 14 2023 12:05:00 GMT+0530 (India Standard Time) 2023-12-14T06:35:00.034Z 
undefined 2 message scheduled task Thu Dec 14 2023 12:10:00 GMT+0530 (India Standard Time) 2023-12-14T06:40:00.059Z 
undefined 2 message scheduled task Thu Dec 14 2023 12:15:00 GMT+0530 (India Standard Time) 2023-12-14T06:45:00.034Z 
undefined 2 message scheduled task Thu Dec 14 2023 12:20:00 GMT+0530 (India Standard Time) 2023-12-14T06:50:00.043Z 
undefined 2 message scheduled task Thu Dec 14 2023 12:25:00 GMT+0530 (India Standard Time) 2023-12-14T06:55:00.039Z 
undefined 2 message scheduled task Thu Dec 14 2023 12:30:00 GMT+0530 (India Standard Time) 2023-12-14T07:00:00.029Z 
undefined 2 message scheduled task Thu Dec 14 2023 12:35:00 GMT+0530 (India Standard Time) 2023-12-14T07:05:00.035Z 
undefined 2 message scheduled task Thu Dec 14 2023 12:40:00 GMT+0530 (India Standard Time) 2023-12-14T07:10:00.034Z 
undefined 2 message scheduled task Thu Dec 14 2023 12:45:00 GMT+0530 (India Standard Time) 2023-12-14T07:15:00.045Z 
undefined 2 message scheduled task Thu Dec 14 2023 12:50:00 GMT+0530 (India Standard Time) 2023-12-14T07:20:00.038Z 
undefined 2 message scheduled task Thu Dec 14 2023 12:55:00 GMT+0530 (India Standard Time) 2023-12-14T07:25:00.027Z 
undefined 2 message scheduled task Thu Dec 14 2023 13:00:00 GMT+0530 (India Standard Time) 2023-12-14T07:30:00.044Z 
undefined 2 message scheduled task Thu Dec 14 2023 13:05:00 GMT+0530 (India Standard Time) 2023-12-14T07:35:00.060Z 
undefined 2 message scheduled task Thu Dec 14 2023 13:10:00 GMT+0530 (India Standard Time) 2023-12-14T07:40:00.014Z 
undefined 2 message scheduled task Thu Dec 14 2023 13:15:00 GMT+0530 (India Standard Time) 2023-12-14T07:45:00.026Z 
undefined 2 message scheduled task Thu Dec 14 2023 13:20:00 GMT+0530 (India Standard Time) 2023-12-14T07:50:00.015Z 
undefined 2 message scheduled task Thu Dec 14 2023 13:25:00 GMT+0530 (India Standard Time) 2023-12-14T07:55:00.029Z 
undefined 2 message scheduled task Thu Dec 14 2023 13:30:00 GMT+0530 (India Standard Time) 2023-12-14T08:00:00.019Z 
undefined 2 message scheduled task Thu Dec 14 2023 13:35:00 GMT+0530 (India Standard Time) 2023-12-14T08:05:00.042Z 
undefined 2 message scheduled task Thu Dec 14 2023 13:40:00 GMT+0530 (India Standard Time) 2023-12-14T08:10:00.040Z 
undefined 2 message scheduled task Thu Dec 14 2023 13:45:00 GMT+0530 (India Standard Time) 2023-12-14T08:15:00.025Z 
undefined 2 message scheduled task Thu Dec 14 2023 13:50:00 GMT+0530 (India Standard Time) 2023-12-14T08:20:00.036Z 
undefined 2 message scheduled task Thu Dec 14 2023 13:55:00 GMT+0530 (India Standard Time) 2023-12-14T08:25:00.018Z 
undefined 2 message scheduled task Thu Dec 14 2023 14:00:00 GMT+0530 (India Standard Time) 2023-12-14T08:30:00.017Z 
undefined 2 message scheduled task Thu Dec 14 2023 14:05:00 GMT+0530 (India Standard Time) 2023-12-14T08:35:00.024Z 
undefined 2 message scheduled task Thu Dec 14 2023 14:10:00 GMT+0530 (India Standard Time) 2023-12-14T08:40:00.029Z 
undefined 2 message scheduled task Thu Dec 14 2023 14:15:00 GMT+0530 (India Standard Time) 2023-12-14T08:45:00.032Z 
undefined 2 message scheduled task Thu Dec 14 2023 14:20:00 GMT+0530 (India Standard Time) 2023-12-14T08:50:00.004Z 
undefined 2 message scheduled task Thu Dec 14 2023 14:25:00 GMT+0530 (India Standard Time) 2023-12-14T08:55:00.018Z 
undefined 2 message scheduled task Thu Dec 14 2023 14:30:00 GMT+0530 (India Standard Time) 2023-12-14T09:00:00.026Z 
undefined 2 message scheduled task Thu Dec 14 2023 14:35:00 GMT+0530 (India Standard Time) 2023-12-14T09:05:00.014Z 
undefined 2 message scheduled task Thu Dec 14 2023 14:40:00 GMT+0530 (India Standard Time) 2023-12-14T09:10:00.023Z 
undefined 2 message scheduled task Thu Dec 14 2023 14:45:00 GMT+0530 (India Standard Time) 2023-12-14T09:15:00.009Z 
undefined 2 message scheduled task Thu Dec 14 2023 14:50:00 GMT+0530 (India Standard Time) 2023-12-14T09:20:00.024Z 
undefined 2 message scheduled task Thu Dec 14 2023 14:55:00 GMT+0530 (India Standard Time) 2023-12-14T09:25:00.018Z 
undefined 2 message scheduled task Thu Dec 14 2023 15:00:00 GMT+0530 (India Standard Time) 2023-12-14T09:30:00.017Z 
undefined 2 message scheduled task Thu Dec 14 2023 15:05:00 GMT+0530 (India Standard Time) 2023-12-14T09:35:00.025Z 
undefined 2 message scheduled task Thu Dec 14 2023 15:10:00 GMT+0530 (India Standard Time) 2023-12-14T09:40:00.012Z 
undefined 2 message scheduled task Thu Dec 14 2023 15:15:00 GMT+0530 (India Standard Time) 2023-12-14T09:45:00.022Z 
undefined 2 message scheduled task Thu Dec 14 2023 15:20:00 GMT+0530 (India Standard Time) 2023-12-14T09:50:00.009Z 
undefined 2 message scheduled task Thu Dec 14 2023 15:25:00 GMT+0530 (India Standard Time) 2023-12-14T09:55:00.021Z 
undefined 2 message scheduled task Thu Dec 14 2023 15:30:00 GMT+0530 (India Standard Time) 2023-12-14T10:00:00.028Z 
undefined 2 message scheduled task Thu Dec 14 2023 15:35:00 GMT+0530 (India Standard Time) 2023-12-14T10:05:00.011Z 
undefined 2 message scheduled task Thu Dec 14 2023 15:42:51 GMT+0530 (India Standard Time) 2023-12-14T10:12:51.495Z 
undefined 2 message scheduled task Thu Dec 14 2023 15:45:00 GMT+0530 (India Standard Time) 2023-12-14T10:15:00.033Z 
undefined 2 message scheduled task Thu Dec 14 2023 15:50:00 GMT+0530 (India Standard Time) 2023-12-14T10:20:00.013Z 
undefined 2 message scheduled task Thu Dec 14 2023 15:55:00 GMT+0530 (India Standard Time) 2023-12-14T10:25:00.034Z 
undefined 2 message scheduled task Thu Dec 14 2023 16:00:00 GMT+0530 (India Standard Time) 2023-12-14T10:30:00.021Z 
undefined 2 message scheduled task Thu Dec 14 2023 16:05:00 GMT+0530 (India Standard Time) 2023-12-14T10:35:00.025Z 
undefined 2 message scheduled task Thu Dec 14 2023 16:10:00 GMT+0530 (India Standard Time) 2023-12-14T10:40:00.029Z 
undefined 2 message scheduled task Thu Dec 14 2023 16:15:00 GMT+0530 (India Standard Time) 2023-12-14T10:45:00.035Z 
undefined 2 message scheduled task Thu Dec 14 2023 16:20:00 GMT+0530 (India Standard Time) 2023-12-14T10:50:00.021Z 
undefined 2 message scheduled task Thu Dec 14 2023 16:25:00 GMT+0530 (India Standard Time) 2023-12-14T10:55:00.013Z 
undefined 2 message scheduled task Thu Dec 14 2023 16:30:00 GMT+0530 (India Standard Time) 2023-12-14T11:00:00.009Z 
undefined 2 message scheduled task Thu Dec 14 2023 16:35:00 GMT+0530 (India Standard Time) 2023-12-14T11:05:00.023Z 
undefined 2 message scheduled task Thu Dec 14 2023 16:40:00 GMT+0530 (India Standard Time) 2023-12-14T11:10:00.023Z 
undefined 2 message scheduled task Thu Dec 14 2023 16:45:00 GMT+0530 (India Standard Time) 2023-12-14T11:15:00.005Z 
undefined 2 message scheduled task Thu Dec 14 2023 20:36:23 GMT+0530 (India Standard Time) 2023-12-14T15:06:23.566Z 
undefined 2 message scheduled task Thu Dec 14 2023 20:36:23 GMT+0530 (India Standard Time) 2023-12-14T15:06:23.574Z 
undefined 2 message scheduled task Thu Dec 14 2023 20:36:23 GMT+0530 (India Standard Time) 2023-12-14T15:06:23.587Z 
undefined 2 message scheduled task Thu Dec 14 2023 20:36:23 GMT+0530 (India Standard Time) 2023-12-14T15:06:23.600Z 
undefined 2 message scheduled task Thu Dec 14 2023 20:36:23 GMT+0530 (India Standard Time) 2023-12-14T15:06:23.604Z 
undefined 2 message scheduled task Thu Dec 14 2023 20:36:23 GMT+0530 (India Standard Time) 2023-12-14T15:06:23.607Z 
undefined 2 message scheduled task Thu Dec 14 2023 20:36:23 GMT+0530 (India Standard Time) 2023-12-14T15:06:23.610Z 
undefined 2 message scheduled task Thu Dec 14 2023 20:36:23 GMT+0530 (India Standard Time) 2023-12-14T15:06:23.613Z 
undefined 2 message scheduled task Thu Dec 14 2023 20:36:23 GMT+0530 (India Standard Time) 2023-12-14T15:06:23.624Z 
undefined 2 message scheduled task Thu Dec 14 2023 20:36:23 GMT+0530 (India Standard Time) 2023-12-14T15:06:23.648Z 
undefined 2 message scheduled task Thu Dec 14 2023 20:36:23 GMT+0530 (India Standard Time) 2023-12-14T15:06:23.658Z 
undefined 2 message scheduled task Thu Dec 14 2023 20:36:23 GMT+0530 (India Standard Time) 2023-12-14T15:06:23.668Z 
undefined 2 message scheduled task Thu Dec 14 2023 20:36:23 GMT+0530 (India Standard Time) 2023-12-14T15:06:23.676Z 
undefined 2 message scheduled task Thu Dec 14 2023 20:36:23 GMT+0530 (India Standard Time) 2023-12-14T15:06:23.685Z 
undefined 2 message scheduled task Thu Dec 14 2023 20:36:23 GMT+0530 (India Standard Time) 2023-12-14T15:06:23.691Z 
undefined 2 message scheduled task Thu Dec 14 2023 20:36:23 GMT+0530 (India Standard Time) 2023-12-14T15:06:23.703Z 
undefined 2 message scheduled task Thu Dec 14 2023 20:36:23 GMT+0530 (India Standard Time) 2023-12-14T15:06:23.706Z 
undefined 2 message scheduled task Thu Dec 14 2023 20:36:23 GMT+0530 (India Standard Time) 2023-12-14T15:06:23.716Z 
undefined 2 message scheduled task Thu Dec 14 2023 20:36:23 GMT+0530 (India Standard Time) 2023-12-14T15:06:23.719Z 
undefined 2 message scheduled task Thu Dec 14 2023 20:36:23 GMT+0530 (India Standard Time) 2023-12-14T15:06:23.723Z 
undefined 2 message scheduled task Thu Dec 14 2023 20:36:23 GMT+0530 (India Standard Time) 2023-12-14T15:06:23.726Z 
undefined 2 message scheduled task Thu Dec 14 2023 20:36:23 GMT+0530 (India Standard Time) 2023-12-14T15:06:23.729Z 
undefined 2 message scheduled task Thu Dec 14 2023 20:36:23 GMT+0530 (India Standard Time) 2023-12-14T15:06:23.734Z 
undefined 2 message scheduled task Thu Dec 14 2023 20:36:23 GMT+0530 (India Standard Time) 2023-12-14T15:06:23.741Z 
undefined 2 message scheduled task Thu Dec 14 2023 20:36:23 GMT+0530 (India Standard Time) 2023-12-14T15:06:23.746Z 
undefined 2 message scheduled task Thu Dec 14 2023 20:36:23 GMT+0530 (India Standard Time) 2023-12-14T15:06:23.749Z 
undefined 2 message scheduled task Thu Dec 14 2023 20:36:23 GMT+0530 (India Standard Time) 2023-12-14T15:06:23.755Z 
undefined 2 message scheduled task Thu Dec 14 2023 20:36:23 GMT+0530 (India Standard Time) 2023-12-14T15:06:23.758Z 
undefined 2 message scheduled task Thu Dec 14 2023 20:36:23 GMT+0530 (India Standard Time) 2023-12-14T15:06:23.760Z 
undefined 2 message scheduled task Thu Dec 14 2023 20:36:23 GMT+0530 (India Standard Time) 2023-12-14T15:06:23.763Z 
undefined 2 message scheduled task Thu Dec 14 2023 20:36:23 GMT+0530 (India Standard Time) 2023-12-14T15:06:23.765Z 
undefined 2 message scheduled task Thu Dec 14 2023 20:36:23 GMT+0530 (India Standard Time) 2023-12-14T15:06:23.769Z 
undefined 2 message scheduled task Thu Dec 14 2023 20:36:23 GMT+0530 (India Standard Time) 2023-12-14T15:06:23.771Z 
undefined 2 message scheduled task Thu Dec 14 2023 20:36:23 GMT+0530 (India Standard Time) 2023-12-14T15:06:23.834Z 
undefined 2 message scheduled task Thu Dec 14 2023 20:36:24 GMT+0530 (India Standard Time) 2023-12-14T15:06:24.064Z 
undefined 2 message scheduled task Thu Dec 14 2023 20:36:24 GMT+0530 (India Standard Time) 2023-12-14T15:06:24.322Z 
undefined 2 message scheduled task Thu Dec 14 2023 20:36:24 GMT+0530 (India Standard Time) 2023-12-14T15:06:24.327Z 
undefined 2 message scheduled task Thu Dec 14 2023 20:36:24 GMT+0530 (India Standard Time) 2023-12-14T15:06:24.336Z 
undefined 2 message scheduled task Thu Dec 14 2023 20:36:24 GMT+0530 (India Standard Time) 2023-12-14T15:06:24.341Z 
undefined 2 message scheduled task Thu Dec 14 2023 20:36:24 GMT+0530 (India Standard Time) 2023-12-14T15:06:24.390Z 
undefined 2 message scheduled task Thu Dec 14 2023 20:36:24 GMT+0530 (India Standard Time) 2023-12-14T15:06:24.393Z 
undefined 2 message scheduled task Thu Dec 14 2023 20:36:24 GMT+0530 (India Standard Time) 2023-12-14T15:06:24.445Z 
undefined 2 message scheduled task Thu Dec 14 2023 20:36:24 GMT+0530 (India Standard Time) 2023-12-14T15:06:24.499Z 
undefined 2 message scheduled task Thu Dec 14 2023 20:36:24 GMT+0530 (India Standard Time) 2023-12-14T15:06:24.509Z 
undefined 2 message scheduled task Thu Dec 14 2023 20:36:24 GMT+0530 (India Standard Time) 2023-12-14T15:06:24.514Z 
undefined 2 message scheduled task Thu Dec 14 2023 20:36:24 GMT+0530 (India Standard Time) 2023-12-14T15:06:24.528Z 
undefined 2 message scheduled task Thu Dec 14 2023 20:40:00 GMT+0530 (India Standard Time) 2023-12-14T15:10:00.015Z 
undefined 2 message scheduled task Thu Dec 14 2023 20:45:00 GMT+0530 (India Standard Time) 2023-12-14T15:15:00.014Z 
undefined 2 message scheduled task Thu Dec 14 2023 20:50:00 GMT+0530 (India Standard Time) 2023-12-14T15:20:00.005Z 
undefined 2 message scheduled task Thu Dec 14 2023 20:55:00 GMT+0530 (India Standard Time) 2023-12-14T15:25:00.021Z 
undefined 2 message scheduled task Thu Dec 14 2023 21:00:00 GMT+0530 (India Standard Time) 2023-12-14T15:30:00.036Z 
undefined 2 message scheduled task Thu Dec 14 2023 21:05:00 GMT+0530 (India Standard Time) 2023-12-14T15:35:00.007Z 
undefined 2 message scheduled task Thu Dec 14 2023 21:10:00 GMT+0530 (India Standard Time) 2023-12-14T15:40:00.009Z 
undefined 2 message scheduled task Thu Dec 14 2023 21:15:00 GMT+0530 (India Standard Time) 2023-12-14T15:45:00.018Z 
undefined 2 message scheduled task Thu Dec 14 2023 21:20:00 GMT+0530 (India Standard Time) 2023-12-14T15:50:00.018Z 
undefined 2 message scheduled task Thu Dec 14 2023 21:25:00 GMT+0530 (India Standard Time) 2023-12-14T15:55:00.017Z 
undefined 2 message scheduled task Thu Dec 14 2023 21:30:00 GMT+0530 (India Standard Time) 2023-12-14T16:00:00.015Z 
undefined 2 message scheduled task Thu Dec 14 2023 21:35:00 GMT+0530 (India Standard Time) 2023-12-14T16:05:00.037Z 
undefined 2 message scheduled task Thu Dec 14 2023 21:40:00 GMT+0530 (India Standard Time) 2023-12-14T16:10:00.016Z 
undefined 2 message scheduled task Thu Dec 14 2023 21:45:00 GMT+0530 (India Standard Time) 2023-12-14T16:15:00.037Z 
undefined 2 message scheduled task Thu Dec 14 2023 21:50:00 GMT+0530 (India Standard Time) 2023-12-14T16:20:00.033Z 
undefined 2 message scheduled task Thu Dec 14 2023 21:55:00 GMT+0530 (India Standard Time) 2023-12-14T16:25:00.022Z 
undefined 2 message scheduled task Thu Dec 14 2023 22:00:00 GMT+0530 (India Standard Time) 2023-12-14T16:30:00.017Z 
undefined 2 message scheduled task Thu Dec 14 2023 22:05:00 GMT+0530 (India Standard Time) 2023-12-14T16:35:00.038Z 
undefined 2 message scheduled task Thu Dec 14 2023 22:10:00 GMT+0530 (India Standard Time) 2023-12-14T16:40:00.024Z 
undefined 2 message scheduled task Thu Dec 14 2023 22:15:00 GMT+0530 (India Standard Time) 2023-12-14T16:45:00.027Z 
undefined 2 message scheduled task Thu Dec 14 2023 22:20:00 GMT+0530 (India Standard Time) 2023-12-14T16:50:00.014Z 
undefined 2 message scheduled task Thu Dec 14 2023 22:25:00 GMT+0530 (India Standard Time) 2023-12-14T16:55:00.022Z 
undefined 2 message scheduled task Thu Dec 14 2023 22:30:00 GMT+0530 (India Standard Time) 2023-12-14T17:00:00.028Z 
undefined 2 message scheduled task Thu Dec 14 2023 22:35:00 GMT+0530 (India Standard Time) 2023-12-14T17:05:00.031Z 
undefined 2 message scheduled task Thu Dec 14 2023 22:40:00 GMT+0530 (India Standard Time) 2023-12-14T17:10:00.028Z 
undefined 2 message scheduled task Thu Dec 14 2023 22:45:00 GMT+0530 (India Standard Time) 2023-12-14T17:15:00.006Z 
undefined 2 message scheduled task Fri Dec 15 2023 12:05:00 GMT+0530 (India Standard Time) 2023-12-15T06:35:00.022Z 
undefined 2 message scheduled task Fri Dec 15 2023 12:10:00 GMT+0530 (India Standard Time) 2023-12-15T06:40:00.020Z 
undefined 2 message scheduled task Fri Dec 15 2023 12:15:00 GMT+0530 (India Standard Time) 2023-12-15T06:45:00.016Z 
undefined 2 message scheduled task Fri Dec 15 2023 12:20:00 GMT+0530 (India Standard Time) 2023-12-15T06:50:00.023Z 
undefined 2 message scheduled task Fri Dec 15 2023 12:25:00 GMT+0530 (India Standard Time) 2023-12-15T06:55:00.021Z 
undefined 2 message scheduled task Fri Dec 15 2023 12:30:00 GMT+0530 (India Standard Time) 2023-12-15T07:00:00.021Z 
undefined 2 message scheduled task Fri Dec 15 2023 12:35:00 GMT+0530 (India Standard Time) 2023-12-15T07:05:00.030Z 
undefined 2 message scheduled task Fri Dec 15 2023 12:40:00 GMT+0530 (India Standard Time) 2023-12-15T07:10:00.023Z 
undefined 2 message scheduled task Fri Dec 15 2023 12:45:00 GMT+0530 (India Standard Time) 2023-12-15T07:15:00.011Z 
undefined 2 message scheduled task Fri Dec 15 2023 12:50:00 GMT+0530 (India Standard Time) 2023-12-15T07:20:00.030Z 
undefined 2 message scheduled task Fri Dec 15 2023 12:55:00 GMT+0530 (India Standard Time) 2023-12-15T07:25:00.021Z 
undefined 2 message scheduled task Fri Dec 15 2023 13:00:00 GMT+0530 (India Standard Time) 2023-12-15T07:30:00.025Z 
undefined 2 message scheduled task Fri Dec 15 2023 13:05:00 GMT+0530 (India Standard Time) 2023-12-15T07:35:00.017Z 
undefined 2 message scheduled task Fri Dec 15 2023 13:10:00 GMT+0530 (India Standard Time) 2023-12-15T07:40:00.012Z 
undefined 2 message scheduled task Fri Dec 15 2023 13:15:00 GMT+0530 (India Standard Time) 2023-12-15T07:45:00.025Z 
undefined 2 message scheduled task Fri Dec 15 2023 13:20:00 GMT+0530 (India Standard Time) 2023-12-15T07:50:00.027Z 
undefined 2 message scheduled task Fri Dec 15 2023 13:25:00 GMT+0530 (India Standard Time) 2023-12-15T07:55:00.010Z 
undefined 2 message scheduled task Fri Dec 15 2023 13:30:00 GMT+0530 (India Standard Time) 2023-12-15T08:00:00.025Z 
undefined 2 message scheduled task Fri Dec 15 2023 13:35:00 GMT+0530 (India Standard Time) 2023-12-15T08:05:00.036Z 
undefined 2 message scheduled task Fri Dec 15 2023 13:40:00 GMT+0530 (India Standard Time) 2023-12-15T08:10:00.029Z 
undefined 2 message scheduled task Fri Dec 15 2023 13:45:00 GMT+0530 (India Standard Time) 2023-12-15T08:15:00.031Z 
undefined 2 message scheduled task Fri Dec 15 2023 13:50:00 GMT+0530 (India Standard Time) 2023-12-15T08:20:00.011Z 
undefined 2 message scheduled task Fri Dec 15 2023 15:31:23 GMT+0530 (India Standard Time) 2023-12-15T10:01:23.569Z 
undefined 2 message scheduled task Fri Dec 15 2023 15:31:23 GMT+0530 (India Standard Time) 2023-12-15T10:01:23.819Z 
undefined 2 message scheduled task Fri Dec 15 2023 15:31:23 GMT+0530 (India Standard Time) 2023-12-15T10:01:23.852Z 
undefined 2 message scheduled task Fri Dec 15 2023 15:31:23 GMT+0530 (India Standard Time) 2023-12-15T10:01:23.856Z 
undefined 2 message scheduled task Fri Dec 15 2023 15:31:23 GMT+0530 (India Standard Time) 2023-12-15T10:01:23.973Z 
undefined 2 message scheduled task Fri Dec 15 2023 15:31:24 GMT+0530 (India Standard Time) 2023-12-15T10:01:24.011Z 
undefined 2 message scheduled task Fri Dec 15 2023 15:31:24 GMT+0530 (India Standard Time) 2023-12-15T10:01:24.074Z 
undefined 2 message scheduled task Fri Dec 15 2023 15:31:24 GMT+0530 (India Standard Time) 2023-12-15T10:01:24.215Z 
undefined 2 message scheduled task Fri Dec 15 2023 15:31:24 GMT+0530 (India Standard Time) 2023-12-15T10:01:24.311Z 
undefined 2 message scheduled task Fri Dec 15 2023 15:31:24 GMT+0530 (India Standard Time) 2023-12-15T10:01:24.377Z 
undefined 2 message scheduled task Fri Dec 15 2023 15:31:24 GMT+0530 (India Standard Time) 2023-12-15T10:01:24.542Z 
undefined 2 message scheduled task Fri Dec 15 2023 15:31:24 GMT+0530 (India Standard Time) 2023-12-15T10:01:24.569Z 
undefined 2 message scheduled task Fri Dec 15 2023 15:31:24 GMT+0530 (India Standard Time) 2023-12-15T10:01:24.641Z 
undefined 2 message scheduled task Fri Dec 15 2023 15:31:24 GMT+0530 (India Standard Time) 2023-12-15T10:01:24.644Z 
undefined 2 message scheduled task Fri Dec 15 2023 15:31:24 GMT+0530 (India Standard Time) 2023-12-15T10:01:24.648Z 
undefined 2 message scheduled task Fri Dec 15 2023 15:31:24 GMT+0530 (India Standard Time) 2023-12-15T10:01:24.651Z 
undefined 2 message scheduled task Fri Dec 15 2023 15:31:24 GMT+0530 (India Standard Time) 2023-12-15T10:01:24.655Z 
undefined 2 message scheduled task Fri Dec 15 2023 15:31:24 GMT+0530 (India Standard Time) 2023-12-15T10:01:24.658Z 
undefined 2 message scheduled task Fri Dec 15 2023 15:31:24 GMT+0530 (India Standard Time) 2023-12-15T10:01:24.661Z 
undefined 2 message scheduled task Fri Dec 15 2023 15:31:24 GMT+0530 (India Standard Time) 2023-12-15T10:01:24.738Z 
undefined 2 message scheduled task Fri Dec 15 2023 15:35:00 GMT+0530 (India Standard Time) 2023-12-15T10:05:00.015Z 
undefined 2 message scheduled task Fri Dec 15 2023 15:40:00 GMT+0530 (India Standard Time) 2023-12-15T10:10:00.023Z 
undefined 2 message scheduled task Fri Dec 15 2023 15:45:00 GMT+0530 (India Standard Time) 2023-12-15T10:15:00.015Z 
undefined 2 message scheduled task Fri Dec 15 2023 15:50:00 GMT+0530 (India Standard Time) 2023-12-15T10:20:00.016Z 
undefined 2 message scheduled task Fri Dec 15 2023 15:55:00 GMT+0530 (India Standard Time) 2023-12-15T10:25:00.016Z 
undefined 2 message scheduled task Fri Dec 15 2023 16:00:00 GMT+0530 (India Standard Time) 2023-12-15T10:30:00.007Z 
undefined 2 message scheduled task Fri Dec 15 2023 16:05:00 GMT+0530 (India Standard Time) 2023-12-15T10:35:00.009Z 
undefined 2 message scheduled task Fri Dec 15 2023 16:10:00 GMT+0530 (India Standard Time) 2023-12-15T10:40:00.023Z 
undefined 2 message scheduled task Fri Dec 15 2023 16:15:00 GMT+0530 (India Standard Time) 2023-12-15T10:45:00.017Z 
undefined 2 message scheduled task Fri Dec 15 2023 16:20:00 GMT+0530 (India Standard Time) 2023-12-15T10:50:00.015Z 
undefined 2 message scheduled task Fri Dec 15 2023 16:25:00 GMT+0530 (India Standard Time) 2023-12-15T10:55:00.013Z 
undefined 2 message scheduled task Fri Dec 15 2023 16:30:00 GMT+0530 (India Standard Time) 2023-12-15T11:00:00.017Z 
undefined 2 message scheduled task Fri Dec 15 2023 16:35:00 GMT+0530 (India Standard Time) 2023-12-15T11:05:00.012Z 
undefined 2 message scheduled task Fri Dec 15 2023 16:40:00 GMT+0530 (India Standard Time) 2023-12-15T11:10:00.009Z 
undefined 2 message scheduled task Fri Dec 15 2023 16:45:00 GMT+0530 (India Standard Time) 2023-12-15T11:15:00.011Z 
undefined 2 message scheduled task Fri Dec 15 2023 16:50:00 GMT+0530 (India Standard Time) 2023-12-15T11:20:00.012Z 
undefined 2 message scheduled task Fri Dec 15 2023 16:55:00 GMT+0530 (India Standard Time) 2023-12-15T11:25:00.013Z 
undefined 2 message scheduled task Fri Dec 15 2023 17:00:00 GMT+0530 (India Standard Time) 2023-12-15T11:30:00.011Z 
undefined 2 message scheduled task Fri Dec 15 2023 17:05:00 GMT+0530 (India Standard Time) 2023-12-15T11:35:00.013Z 
undefined 2 message scheduled task Fri Dec 15 2023 17:10:00 GMT+0530 (India Standard Time) 2023-12-15T11:40:00.009Z 
undefined 2 message scheduled task Fri Dec 15 2023 17:15:00 GMT+0530 (India Standard Time) 2023-12-15T11:45:00.038Z 
undefined 2 message scheduled task Fri Dec 15 2023 17:37:39 GMT+0530 (India Standard Time) 2023-12-15T12:07:39.546Z 
undefined 2 message scheduled task Fri Dec 15 2023 17:37:39 GMT+0530 (India Standard Time) 2023-12-15T12:07:39.596Z 
undefined 2 message scheduled task Fri Dec 15 2023 17:37:39 GMT+0530 (India Standard Time) 2023-12-15T12:07:39.601Z 
undefined 2 message scheduled task Fri Dec 15 2023 17:37:39 GMT+0530 (India Standard Time) 2023-12-15T12:07:39.606Z 
undefined 2 message scheduled task Fri Dec 15 2023 17:40:00 GMT+0530 (India Standard Time) 2023-12-15T12:10:00.026Z 
undefined 2 message scheduled task Fri Dec 15 2023 17:45:00 GMT+0530 (India Standard Time) 2023-12-15T12:15:00.019Z 
undefined 2 message scheduled task Fri Dec 15 2023 17:50:00 GMT+0530 (India Standard Time) 2023-12-15T12:20:00.029Z 
undefined 2 message scheduled task Fri Dec 15 2023 17:55:00 GMT+0530 (India Standard Time) 2023-12-15T12:25:00.022Z 
undefined 2 message scheduled task Fri Dec 15 2023 18:00:00 GMT+0530 (India Standard Time) 2023-12-15T12:30:00.026Z 
undefined 2 message scheduled task Fri Dec 15 2023 18:05:00 GMT+0530 (India Standard Time) 2023-12-15T12:35:00.028Z 
undefined 2 message scheduled task Fri Dec 15 2023 18:10:00 GMT+0530 (India Standard Time) 2023-12-15T12:40:00.027Z 
undefined 2 message scheduled task Fri Dec 15 2023 18:15:00 GMT+0530 (India Standard Time) 2023-12-15T12:45:00.037Z 
undefined 2 message scheduled task Fri Dec 15 2023 18:20:00 GMT+0530 (India Standard Time) 2023-12-15T12:50:00.029Z 
undefined 2 message scheduled task Fri Dec 15 2023 18:25:00 GMT+0530 (India Standard Time) 2023-12-15T12:55:00.040Z 
undefined 2 message scheduled task Fri Dec 15 2023 21:10:01 GMT+0530 (India Standard Time) 2023-12-15T15:40:01.969Z 
undefined 2 message scheduled task Fri Dec 15 2023 21:10:01 GMT+0530 (India Standard Time) 2023-12-15T15:40:01.987Z 
undefined 2 message scheduled task Fri Dec 15 2023 21:10:01 GMT+0530 (India Standard Time) 2023-12-15T15:40:01.998Z 
undefined 2 message scheduled task Fri Dec 15 2023 21:10:02 GMT+0530 (India Standard Time) 2023-12-15T15:40:02.002Z 
undefined 2 message scheduled task Fri Dec 15 2023 21:10:02 GMT+0530 (India Standard Time) 2023-12-15T15:40:02.008Z 
undefined 2 message scheduled task Fri Dec 15 2023 21:10:02 GMT+0530 (India Standard Time) 2023-12-15T15:40:02.013Z 
undefined 2 message scheduled task Fri Dec 15 2023 21:10:02 GMT+0530 (India Standard Time) 2023-12-15T15:40:02.016Z 
undefined 2 message scheduled task Fri Dec 15 2023 21:10:02 GMT+0530 (India Standard Time) 2023-12-15T15:40:02.022Z 
undefined 2 message scheduled task Fri Dec 15 2023 21:10:02 GMT+0530 (India Standard Time) 2023-12-15T15:40:02.027Z 
undefined 2 message scheduled task Fri Dec 15 2023 21:10:02 GMT+0530 (India Standard Time) 2023-12-15T15:40:02.032Z 
undefined 2 message scheduled task Fri Dec 15 2023 21:10:02 GMT+0530 (India Standard Time) 2023-12-15T15:40:02.039Z 
undefined 2 message scheduled task Fri Dec 15 2023 21:10:02 GMT+0530 (India Standard Time) 2023-12-15T15:40:02.045Z 
undefined 2 message scheduled task Fri Dec 15 2023 21:10:02 GMT+0530 (India Standard Time) 2023-12-15T15:40:02.049Z 
undefined 2 message scheduled task Fri Dec 15 2023 21:10:02 GMT+0530 (India Standard Time) 2023-12-15T15:40:02.054Z 
undefined 2 message scheduled task Fri Dec 15 2023 21:10:02 GMT+0530 (India Standard Time) 2023-12-15T15:40:02.062Z 
undefined 2 message scheduled task Fri Dec 15 2023 21:10:02 GMT+0530 (India Standard Time) 2023-12-15T15:40:02.069Z 
undefined 2 message scheduled task Fri Dec 15 2023 21:10:02 GMT+0530 (India Standard Time) 2023-12-15T15:40:02.074Z 
undefined 2 message scheduled task Fri Dec 15 2023 21:10:02 GMT+0530 (India Standard Time) 2023-12-15T15:40:02.079Z 
undefined 2 message scheduled task Fri Dec 15 2023 21:10:02 GMT+0530 (India Standard Time) 2023-12-15T15:40:02.082Z 
undefined 2 message scheduled task Fri Dec 15 2023 21:10:02 GMT+0530 (India Standard Time) 2023-12-15T15:40:02.086Z 
undefined 2 message scheduled task Fri Dec 15 2023 21:10:02 GMT+0530 (India Standard Time) 2023-12-15T15:40:02.091Z 
undefined 2 message scheduled task Fri Dec 15 2023 21:10:02 GMT+0530 (India Standard Time) 2023-12-15T15:40:02.094Z 
undefined 2 message scheduled task Fri Dec 15 2023 21:10:02 GMT+0530 (India Standard Time) 2023-12-15T15:40:02.098Z 
undefined 2 message scheduled task Fri Dec 15 2023 21:10:02 GMT+0530 (India Standard Time) 2023-12-15T15:40:02.100Z 
undefined 2 message scheduled task Fri Dec 15 2023 21:10:02 GMT+0530 (India Standard Time) 2023-12-15T15:40:02.105Z 
undefined 2 message scheduled task Fri Dec 15 2023 21:10:02 GMT+0530 (India Standard Time) 2023-12-15T15:40:02.108Z 
undefined 2 message scheduled task Fri Dec 15 2023 21:10:02 GMT+0530 (India Standard Time) 2023-12-15T15:40:02.112Z 
undefined 2 message scheduled task Fri Dec 15 2023 21:10:02 GMT+0530 (India Standard Time) 2023-12-15T15:40:02.114Z 
undefined 2 message scheduled task Fri Dec 15 2023 21:10:02 GMT+0530 (India Standard Time) 2023-12-15T15:40:02.117Z 
undefined 2 message scheduled task Fri Dec 15 2023 21:10:02 GMT+0530 (India Standard Time) 2023-12-15T15:40:02.121Z 
undefined 2 message scheduled task Fri Dec 15 2023 21:10:02 GMT+0530 (India Standard Time) 2023-12-15T15:40:02.124Z 
undefined 2 message scheduled task Fri Dec 15 2023 21:10:02 GMT+0530 (India Standard Time) 2023-12-15T15:40:02.127Z 
undefined 2 message scheduled task Fri Dec 15 2023 21:10:02 GMT+0530 (India Standard Time) 2023-12-15T15:40:02.131Z 
undefined 2 message scheduled task Sat Dec 16 2023 14:30:00 GMT+0530 (India Standard Time) 2023-12-16T09:00:00.020Z 
undefined 2 message scheduled task Sat Dec 16 2023 14:35:00 GMT+0530 (India Standard Time) 2023-12-16T09:05:00.021Z 
undefined 2 message scheduled task Sat Dec 16 2023 14:40:00 GMT+0530 (India Standard Time) 2023-12-16T09:10:00.017Z 
undefined 2 message scheduled task Sat Dec 16 2023 14:45:00 GMT+0530 (India Standard Time) 2023-12-16T09:15:00.009Z 
undefined 2 message scheduled task Sat Dec 16 2023 14:50:00 GMT+0530 (India Standard Time) 2023-12-16T09:20:00.020Z 
undefined 2 message scheduled task Sat Dec 16 2023 14:55:00 GMT+0530 (India Standard Time) 2023-12-16T09:25:00.022Z 
undefined 2 message scheduled task Sat Dec 16 2023 15:00:00 GMT+0530 (India Standard Time) 2023-12-16T09:30:00.025Z 
undefined 2 message scheduled task Sat Dec 16 2023 22:20:00 GMT+0530 (India Standard Time) 2023-12-16T16:50:00.018Z 
undefined 2 message scheduled task Sat Dec 16 2023 22:25:00 GMT+0530 (India Standard Time) 2023-12-16T16:55:00.024Z 
undefined 2 message scheduled task Sat Dec 16 2023 22:30:00 GMT+0530 (India Standard Time) 2023-12-16T17:00:00.022Z 
undefined 2 message scheduled task Sat Dec 16 2023 22:35:00 GMT+0530 (India Standard Time) 2023-12-16T17:05:00.021Z 
undefined 2 message scheduled task Sat Dec 16 2023 22:40:00 GMT+0530 (India Standard Time) 2023-12-16T17:10:00.017Z 
undefined 2 message scheduled task Sat Dec 16 2023 22:45:00 GMT+0530 (India Standard Time) 2023-12-16T17:15:00.024Z 
undefined 2 message scheduled task Sat Dec 16 2023 22:50:00 GMT+0530 (India Standard Time) 2023-12-16T17:20:00.031Z 
undefined 2 message scheduled task Sat Dec 16 2023 22:55:00 GMT+0530 (India Standard Time) 2023-12-16T17:25:00.010Z 
undefined 2 message scheduled task Sat Dec 16 2023 23:00:00 GMT+0530 (India Standard Time) 2023-12-16T17:30:00.032Z 
undefined 2 message scheduled task Sat Dec 16 2023 23:05:00 GMT+0530 (India Standard Time) 2023-12-16T17:35:00.019Z 
undefined 2 message scheduled task Sat Dec 16 2023 23:10:00 GMT+0530 (India Standard Time) 2023-12-16T17:40:00.023Z 
undefined 2 message scheduled task Sat Dec 16 2023 23:15:00 GMT+0530 (India Standard Time) 2023-12-16T17:45:00.010Z 
undefined 2 message scheduled task Sat Dec 16 2023 23:20:00 GMT+0530 (India Standard Time) 2023-12-16T17:50:00.018Z 
undefined 2 message scheduled task Sat Dec 16 2023 23:25:00 GMT+0530 (India Standard Time) 2023-12-16T17:55:00.022Z 
undefined 2 message scheduled task Sat Dec 16 2023 23:30:00 GMT+0530 (India Standard Time) 2023-12-16T18:00:00.029Z 
undefined 2 message scheduled task Sat Dec 16 2023 23:35:00 GMT+0530 (India Standard Time) 2023-12-16T18:05:00.018Z 
undefined 2 message scheduled task Sat Dec 16 2023 23:40:00 GMT+0530 (India Standard Time) 2023-12-16T18:10:00.028Z 
undefined 2 message scheduled task Mon Dec 18 2023 11:05:00 GMT+0530 (India Standard Time) 2023-12-18T05:35:00.040Z 
undefined 2 message scheduled task Mon Dec 18 2023 11:10:00 GMT+0530 (India Standard Time) 2023-12-18T05:40:00.036Z 
undefined 2 message scheduled task Mon Dec 18 2023 11:15:00 GMT+0530 (India Standard Time) 2023-12-18T05:45:00.031Z 
undefined 2 message scheduled task Mon Dec 18 2023 11:20:00 GMT+0530 (India Standard Time) 2023-12-18T05:50:00.050Z 
undefined 2 message scheduled task Mon Dec 18 2023 11:25:00 GMT+0530 (India Standard Time) 2023-12-18T05:55:00.039Z 
undefined 2 message scheduled task Mon Dec 18 2023 11:30:00 GMT+0530 (India Standard Time) 2023-12-18T06:00:00.034Z 
undefined 2 message scheduled task Mon Dec 18 2023 11:35:00 GMT+0530 (India Standard Time) 2023-12-18T06:05:00.043Z 
undefined 2 message scheduled task Mon Dec 18 2023 11:40:00 GMT+0530 (India Standard Time) 2023-12-18T06:10:00.044Z 
undefined 2 message scheduled task Mon Dec 18 2023 11:45:00 GMT+0530 (India Standard Time) 2023-12-18T06:15:00.022Z 
undefined 2 message scheduled task Mon Dec 18 2023 11:50:00 GMT+0530 (India Standard Time) 2023-12-18T06:20:00.018Z 
undefined 2 message scheduled task Mon Dec 18 2023 11:55:00 GMT+0530 (India Standard Time) 2023-12-18T06:25:00.021Z 
undefined 2 message scheduled task Mon Dec 18 2023 12:00:00 GMT+0530 (India Standard Time) 2023-12-18T06:30:00.021Z 
undefined 2 message scheduled task Mon Dec 18 2023 12:05:00 GMT+0530 (India Standard Time) 2023-12-18T06:35:00.010Z 
undefined 2 message scheduled task Mon Dec 18 2023 12:10:00 GMT+0530 (India Standard Time) 2023-12-18T06:40:00.021Z 
undefined 2 message scheduled task Mon Dec 18 2023 12:15:00 GMT+0530 (India Standard Time) 2023-12-18T06:45:00.031Z 
undefined 2 message scheduled task Mon Dec 18 2023 12:20:00 GMT+0530 (India Standard Time) 2023-12-18T06:50:00.013Z 
undefined 2 message scheduled task Mon Dec 18 2023 12:25:00 GMT+0530 (India Standard Time) 2023-12-18T06:55:00.011Z 
undefined 2 message scheduled task Mon Dec 18 2023 12:30:00 GMT+0530 (India Standard Time) 2023-12-18T07:00:00.015Z 
undefined 2 message scheduled task Mon Dec 18 2023 12:35:00 GMT+0530 (India Standard Time) 2023-12-18T07:05:00.018Z 
undefined 2 message scheduled task Mon Dec 18 2023 12:40:00 GMT+0530 (India Standard Time) 2023-12-18T07:10:00.027Z 
undefined 2 message scheduled task Mon Dec 18 2023 12:45:00 GMT+0530 (India Standard Time) 2023-12-18T07:15:00.018Z 
undefined 2 message scheduled task Mon Dec 18 2023 12:50:00 GMT+0530 (India Standard Time) 2023-12-18T07:20:00.026Z 
undefined 2 message scheduled task Mon Dec 18 2023 12:55:00 GMT+0530 (India Standard Time) 2023-12-18T07:25:00.024Z 
undefined 2 message scheduled task Mon Dec 18 2023 13:00:00 GMT+0530 (India Standard Time) 2023-12-18T07:30:00.024Z 
undefined 2 message scheduled task Mon Dec 18 2023 13:05:00 GMT+0530 (India Standard Time) 2023-12-18T07:35:00.025Z 
undefined 2 message scheduled task Mon Dec 18 2023 13:10:00 GMT+0530 (India Standard Time) 2023-12-18T07:40:00.031Z 
undefined 2 message scheduled task Mon Dec 18 2023 13:15:00 GMT+0530 (India Standard Time) 2023-12-18T07:45:00.026Z 
undefined 2 message scheduled task Mon Dec 18 2023 13:20:00 GMT+0530 (India Standard Time) 2023-12-18T07:50:00.027Z 
undefined 2 message scheduled task Mon Dec 18 2023 13:25:00 GMT+0530 (India Standard Time) 2023-12-18T07:55:00.012Z 
undefined 2 message scheduled task Mon Dec 18 2023 13:30:00 GMT+0530 (India Standard Time) 2023-12-18T08:00:00.027Z 
undefined 2 message scheduled task Mon Dec 18 2023 13:35:00 GMT+0530 (India Standard Time) 2023-12-18T08:05:00.018Z 
undefined 2 message scheduled task Mon Dec 18 2023 13:40:00 GMT+0530 (India Standard Time) 2023-12-18T08:10:00.009Z 
undefined 2 message scheduled task Mon Dec 18 2023 13:45:00 GMT+0530 (India Standard Time) 2023-12-18T08:15:00.024Z 
undefined 2 message scheduled task Mon Dec 18 2023 13:50:00 GMT+0530 (India Standard Time) 2023-12-18T08:20:00.008Z 
undefined 2 message scheduled task Mon Dec 18 2023 13:55:00 GMT+0530 (India Standard Time) 2023-12-18T08:25:00.021Z 
undefined 2 message scheduled task Mon Dec 18 2023 14:00:00 GMT+0530 (India Standard Time) 2023-12-18T08:30:00.031Z 
undefined 2 message scheduled task Mon Dec 18 2023 14:05:00 GMT+0530 (India Standard Time) 2023-12-18T08:35:00.009Z 
undefined 2 message scheduled task Mon Dec 18 2023 14:10:00 GMT+0530 (India Standard Time) 2023-12-18T08:40:00.019Z 
undefined 2 message scheduled task Mon Dec 18 2023 16:05:00 GMT+0530 (India Standard Time) 2023-12-18T10:35:00.038Z 
undefined 2 message scheduled task Mon Dec 18 2023 16:15:00 GMT+0530 (India Standard Time) 2023-12-18T10:45:00.022Z 
undefined 2 message scheduled task Mon Dec 18 2023 16:20:00 GMT+0530 (India Standard Time) 2023-12-18T10:50:00.020Z 
undefined 2 message scheduled task Mon Dec 18 2023 16:25:00 GMT+0530 (India Standard Time) 2023-12-18T10:55:00.017Z 
undefined 2 message scheduled task Mon Dec 18 2023 17:20:00 GMT+0530 (India Standard Time) 2023-12-18T11:50:00.017Z 
undefined 2 message scheduled task Mon Dec 18 2023 17:25:00 GMT+0530 (India Standard Time) 2023-12-18T11:55:00.012Z 
undefined 2 message scheduled task Mon Dec 18 2023 17:30:00 GMT+0530 (India Standard Time) 2023-12-18T12:00:00.013Z 
undefined 2 message scheduled task Mon Dec 18 2023 17:35:00 GMT+0530 (India Standard Time) 2023-12-18T12:05:00.043Z 
undefined 2 message scheduled task Mon Dec 18 2023 17:40:00 GMT+0530 (India Standard Time) 2023-12-18T12:10:00.024Z 
undefined 2 message scheduled task Mon Dec 18 2023 17:45:00 GMT+0530 (India Standard Time) 2023-12-18T12:15:00.025Z 
undefined 2 message scheduled task Mon Dec 18 2023 17:50:00 GMT+0530 (India Standard Time) 2023-12-18T12:20:00.026Z 
undefined 2 message scheduled task Mon Dec 18 2023 17:55:00 GMT+0530 (India Standard Time) 2023-12-18T12:25:00.012Z 
undefined 2 message scheduled task Mon Dec 18 2023 18:00:00 GMT+0530 (India Standard Time) 2023-12-18T12:30:00.012Z 
undefined 2 message scheduled task Mon Dec 18 2023 18:05:00 GMT+0530 (India Standard Time) 2023-12-18T12:35:00.024Z 
undefined 2 message scheduled task Mon Dec 18 2023 18:10:00 GMT+0530 (India Standard Time) 2023-12-18T12:40:00.011Z 
undefined 2 message scheduled task Mon Dec 18 2023 18:15:00 GMT+0530 (India Standard Time) 2023-12-18T12:45:00.016Z 
undefined 2 message scheduled task Mon Dec 18 2023 18:20:00 GMT+0530 (India Standard Time) 2023-12-18T12:50:00.024Z 
undefined 2 message scheduled task Mon Dec 18 2023 18:25:00 GMT+0530 (India Standard Time) 2023-12-18T12:55:00.063Z 
undefined 2 message scheduled task Mon Dec 18 2023 18:30:00 GMT+0530 (India Standard Time) 2023-12-18T13:00:00.019Z 
undefined 2 message scheduled task Mon Dec 18 2023 18:35:00 GMT+0530 (India Standard Time) 2023-12-18T13:05:00.024Z 
undefined 2 message scheduled task Mon Dec 18 2023 18:40:00 GMT+0530 (India Standard Time) 2023-12-18T13:10:00.016Z 
undefined 2 message scheduled task Mon Dec 18 2023 18:45:00 GMT+0530 (India Standard Time) 2023-12-18T13:15:00.022Z 
undefined 2 message scheduled task Mon Dec 18 2023 18:50:00 GMT+0530 (India Standard Time) 2023-12-18T13:20:00.019Z 
undefined 2 message scheduled task Mon Dec 18 2023 18:55:00 GMT+0530 (India Standard Time) 2023-12-18T13:25:00.037Z 
undefined 2 message scheduled task Mon Dec 18 2023 19:00:00 GMT+0530 (India Standard Time) 2023-12-18T13:30:00.019Z 
undefined 2 message scheduled task Mon Dec 18 2023 19:05:00 GMT+0530 (India Standard Time) 2023-12-18T13:35:00.031Z 
undefined 2 message scheduled task Mon Dec 18 2023 19:10:00 GMT+0530 (India Standard Time) 2023-12-18T13:40:00.054Z 
undefined 2 message scheduled task Mon Dec 18 2023 19:15:00 GMT+0530 (India Standard Time) 2023-12-18T13:45:00.012Z 
undefined 2 message scheduled task Mon Dec 18 2023 19:20:00 GMT+0530 (India Standard Time) 2023-12-18T13:50:00.014Z 
undefined 2 message scheduled task Mon Dec 18 2023 22:24:19 GMT+0530 (India Standard Time) 2023-12-18T16:54:19.591Z 
undefined 2 message scheduled task Mon Dec 18 2023 22:24:19 GMT+0530 (India Standard Time) 2023-12-18T16:54:19.601Z 
undefined 2 message scheduled task Mon Dec 18 2023 22:24:19 GMT+0530 (India Standard Time) 2023-12-18T16:54:19.606Z 
undefined 2 message scheduled task Mon Dec 18 2023 22:24:19 GMT+0530 (India Standard Time) 2023-12-18T16:54:19.610Z 
undefined 2 message scheduled task Mon Dec 18 2023 22:24:19 GMT+0530 (India Standard Time) 2023-12-18T16:54:19.614Z 
undefined 2 message scheduled task Mon Dec 18 2023 22:24:19 GMT+0530 (India Standard Time) 2023-12-18T16:54:19.620Z 
undefined 2 message scheduled task Mon Dec 18 2023 22:24:19 GMT+0530 (India Standard Time) 2023-12-18T16:54:19.633Z 
undefined 2 message scheduled task Mon Dec 18 2023 22:24:19 GMT+0530 (India Standard Time) 2023-12-18T16:54:19.638Z 
undefined 2 message scheduled task Mon Dec 18 2023 22:24:19 GMT+0530 (India Standard Time) 2023-12-18T16:54:19.643Z 
undefined 2 message scheduled task Mon Dec 18 2023 22:24:19 GMT+0530 (India Standard Time) 2023-12-18T16:54:19.646Z 
undefined 2 message scheduled task Mon Dec 18 2023 22:24:19 GMT+0530 (India Standard Time) 2023-12-18T16:54:19.655Z 
undefined 2 message scheduled task Mon Dec 18 2023 22:24:19 GMT+0530 (India Standard Time) 2023-12-18T16:54:19.662Z 
undefined 2 message scheduled task Mon Dec 18 2023 22:24:19 GMT+0530 (India Standard Time) 2023-12-18T16:54:19.667Z 
undefined 2 message scheduled task Mon Dec 18 2023 22:24:19 GMT+0530 (India Standard Time) 2023-12-18T16:54:19.670Z 
undefined 2 message scheduled task Mon Dec 18 2023 22:24:19 GMT+0530 (India Standard Time) 2023-12-18T16:54:19.679Z 
undefined 2 message scheduled task Mon Dec 18 2023 22:24:19 GMT+0530 (India Standard Time) 2023-12-18T16:54:19.684Z 
undefined 2 message scheduled task Mon Dec 18 2023 22:24:19 GMT+0530 (India Standard Time) 2023-12-18T16:54:19.687Z 
undefined 2 message scheduled task Mon Dec 18 2023 22:24:19 GMT+0530 (India Standard Time) 2023-12-18T16:54:19.690Z 
undefined 2 message scheduled task Mon Dec 18 2023 22:24:19 GMT+0530 (India Standard Time) 2023-12-18T16:54:19.694Z 
undefined 2 message scheduled task Mon Dec 18 2023 22:24:19 GMT+0530 (India Standard Time) 2023-12-18T16:54:19.697Z 
undefined 2 message scheduled task Mon Dec 18 2023 22:24:19 GMT+0530 (India Standard Time) 2023-12-18T16:54:19.701Z 
undefined 2 message scheduled task Mon Dec 18 2023 22:24:19 GMT+0530 (India Standard Time) 2023-12-18T16:54:19.758Z 
undefined 2 message scheduled task Mon Dec 18 2023 22:24:19 GMT+0530 (India Standard Time) 2023-12-18T16:54:19.782Z 
undefined 2 message scheduled task Mon Dec 18 2023 22:24:19 GMT+0530 (India Standard Time) 2023-12-18T16:54:19.785Z 
undefined 2 message scheduled task Mon Dec 18 2023 22:24:19 GMT+0530 (India Standard Time) 2023-12-18T16:54:19.788Z 
undefined 2 message scheduled task Mon Dec 18 2023 22:24:19 GMT+0530 (India Standard Time) 2023-12-18T16:54:19.791Z 
undefined 2 message scheduled task Mon Dec 18 2023 22:24:19 GMT+0530 (India Standard Time) 2023-12-18T16:54:19.794Z 
undefined 2 message scheduled task Mon Dec 18 2023 22:24:19 GMT+0530 (India Standard Time) 2023-12-18T16:54:19.797Z 
undefined 2 message scheduled task Mon Dec 18 2023 22:24:19 GMT+0530 (India Standard Time) 2023-12-18T16:54:19.800Z 
undefined 2 message scheduled task Mon Dec 18 2023 22:24:19 GMT+0530 (India Standard Time) 2023-12-18T16:54:19.804Z 
undefined 2 message scheduled task Mon Dec 18 2023 22:24:19 GMT+0530 (India Standard Time) 2023-12-18T16:54:19.807Z 
undefined 2 message scheduled task Mon Dec 18 2023 22:24:19 GMT+0530 (India Standard Time) 2023-12-18T16:54:19.810Z 
undefined 2 message scheduled task Mon Dec 18 2023 22:24:19 GMT+0530 (India Standard Time) 2023-12-18T16:54:19.815Z 
undefined 2 message scheduled task Mon Dec 18 2023 22:24:19 GMT+0530 (India Standard Time) 2023-12-18T16:54:19.819Z 
undefined 2 message scheduled task Mon Dec 18 2023 22:24:19 GMT+0530 (India Standard Time) 2023-12-18T16:54:19.822Z 
undefined 2 message scheduled task Mon Dec 18 2023 22:24:19 GMT+0530 (India Standard Time) 2023-12-18T16:54:19.827Z 
undefined 2 message scheduled task Mon Dec 18 2023 22:25:00 GMT+0530 (India Standard Time) 2023-12-18T16:55:00.013Z 
undefined 2 message scheduled task Mon Dec 18 2023 22:30:00 GMT+0530 (India Standard Time) 2023-12-18T17:00:00.003Z 
undefined 2 message scheduled task Mon Dec 18 2023 22:35:00 GMT+0530 (India Standard Time) 2023-12-18T17:05:00.023Z 
undefined 2 message scheduled task Mon Dec 18 2023 22:40:00 GMT+0530 (India Standard Time) 2023-12-18T17:10:00.019Z 
undefined 2 message scheduled task Mon Dec 18 2023 22:45:00 GMT+0530 (India Standard Time) 2023-12-18T17:15:00.017Z 
undefined 2 message scheduled task Mon Dec 18 2023 22:50:00 GMT+0530 (India Standard Time) 2023-12-18T17:20:00.025Z 
undefined 2 message scheduled task Mon Dec 18 2023 22:55:00 GMT+0530 (India Standard Time) 2023-12-18T17:25:00.016Z 
undefined 2 message scheduled task Mon Dec 18 2023 23:00:00 GMT+0530 (India Standard Time) 2023-12-18T17:30:00.016Z 
undefined 2 message scheduled task Mon Dec 18 2023 23:05:00 GMT+0530 (India Standard Time) 2023-12-18T17:35:00.012Z 
undefined 2 message scheduled task Mon Dec 18 2023 23:10:00 GMT+0530 (India Standard Time) 2023-12-18T17:40:00.012Z 
undefined 2 message scheduled task Mon Dec 18 2023 23:15:00 GMT+0530 (India Standard Time) 2023-12-18T17:45:00.012Z 
undefined 2 message scheduled task Mon Dec 18 2023 23:20:00 GMT+0530 (India Standard Time) 2023-12-18T17:50:00.023Z 
undefined 2 message scheduled task Mon Dec 18 2023 23:25:00 GMT+0530 (India Standard Time) 2023-12-18T17:55:00.014Z 
undefined 2 message scheduled task Mon Dec 18 2023 23:30:00 GMT+0530 (India Standard Time) 2023-12-18T18:00:00.019Z 
undefined 2 message scheduled task Mon Dec 18 2023 23:35:00 GMT+0530 (India Standard Time) 2023-12-18T18:05:00.022Z 
undefined 2 message scheduled task Mon Dec 18 2023 23:40:00 GMT+0530 (India Standard Time) 2023-12-18T18:10:00.019Z 
undefined 2 message scheduled task Mon Dec 18 2023 23:45:00 GMT+0530 (India Standard Time) 2023-12-18T18:15:00.020Z 
undefined 2 message scheduled task Mon Dec 18 2023 23:50:00 GMT+0530 (India Standard Time) 2023-12-18T18:20:00.024Z 
undefined 2 message scheduled task Mon Dec 18 2023 23:55:00 GMT+0530 (India Standard Time) 2023-12-18T18:25:00.026Z 
undefined 2 message scheduled task Tue Dec 19 2023 00:00:00 GMT+0530 (India Standard Time) 2023-12-18T18:30:00.026Z 
undefined 2 message scheduled task Tue Dec 19 2023 00:05:00 GMT+0530 (India Standard Time) 2023-12-18T18:35:00.020Z 
undefined 2 message scheduled task Tue Dec 19 2023 00:10:00 GMT+0530 (India Standard Time) 2023-12-18T18:40:00.018Z 
undefined 2 message scheduled task Tue Dec 19 2023 00:15:00 GMT+0530 (India Standard Time) 2023-12-18T18:45:00.017Z 
undefined 2 message scheduled task Tue Dec 19 2023 00:20:00 GMT+0530 (India Standard Time) 2023-12-18T18:50:00.017Z 
undefined 2 message scheduled task Tue Dec 19 2023 12:10:00 GMT+0530 (India Standard Time) 2023-12-19T06:40:00.031Z 
undefined 2 message scheduled task Tue Dec 19 2023 12:15:00 GMT+0530 (India Standard Time) 2023-12-19T06:45:00.022Z 
undefined 2 message scheduled task Tue Dec 19 2023 12:20:00 GMT+0530 (India Standard Time) 2023-12-19T06:50:00.023Z 
undefined 2 message scheduled task Tue Dec 19 2023 12:25:00 GMT+0530 (India Standard Time) 2023-12-19T06:55:00.020Z 
undefined 2 message scheduled task Tue Dec 19 2023 12:30:00 GMT+0530 (India Standard Time) 2023-12-19T07:00:00.011Z 
undefined 2 message scheduled task Tue Dec 19 2023 12:35:00 GMT+0530 (India Standard Time) 2023-12-19T07:05:00.022Z 
undefined 2 message scheduled task Tue Dec 19 2023 12:40:00 GMT+0530 (India Standard Time) 2023-12-19T07:10:00.017Z 
undefined 2 message scheduled task Tue Dec 19 2023 12:55:00 GMT+0530 (India Standard Time) 2023-12-19T07:25:00.024Z 
undefined 2 message scheduled task Tue Dec 19 2023 13:05:00 GMT+0530 (India Standard Time) 2023-12-19T07:35:00.019Z 
undefined 2 message scheduled task Tue Dec 19 2023 13:10:00 GMT+0530 (India Standard Time) 2023-12-19T07:40:00.018Z 
undefined 2 message scheduled task Tue Dec 19 2023 13:30:00 GMT+0530 (India Standard Time) 2023-12-19T08:00:00.018Z 
undefined 2 message scheduled task Tue Dec 19 2023 13:35:00 GMT+0530 (India Standard Time) 2023-12-19T08:05:00.024Z 
undefined 2 message scheduled task Tue Dec 19 2023 13:40:00 GMT+0530 (India Standard Time) 2023-12-19T08:10:00.016Z 
undefined 2 message scheduled task Tue Dec 19 2023 13:45:00 GMT+0530 (India Standard Time) 2023-12-19T08:15:00.025Z 
undefined 2 message scheduled task Tue Dec 19 2023 13:50:00 GMT+0530 (India Standard Time) 2023-12-19T08:20:00.012Z 
undefined 2 message scheduled task Tue Dec 19 2023 14:00:00 GMT+0530 (India Standard Time) 2023-12-19T08:30:00.020Z 
undefined 2 message scheduled task Tue Dec 19 2023 14:05:00 GMT+0530 (India Standard Time) 2023-12-19T08:35:00.017Z 
undefined 2 message scheduled task Tue Dec 19 2023 14:10:00 GMT+0530 (India Standard Time) 2023-12-19T08:40:00.027Z 
undefined 2 message scheduled task Tue Dec 19 2023 14:15:00 GMT+0530 (India Standard Time) 2023-12-19T08:45:00.024Z 
undefined 2 message scheduled task Tue Dec 19 2023 14:20:00 GMT+0530 (India Standard Time) 2023-12-19T08:50:00.018Z 
undefined 2 message scheduled task Tue Dec 19 2023 14:25:00 GMT+0530 (India Standard Time) 2023-12-19T08:55:00.017Z 
undefined 2 message scheduled task Tue Dec 19 2023 14:30:00 GMT+0530 (India Standard Time) 2023-12-19T09:00:00.018Z 
undefined 2 message scheduled task Tue Dec 19 2023 14:35:00 GMT+0530 (India Standard Time) 2023-12-19T09:05:00.020Z 
undefined 2 message scheduled task Tue Dec 19 2023 14:40:00 GMT+0530 (India Standard Time) 2023-12-19T09:10:00.029Z 
undefined 2 message scheduled task Tue Dec 19 2023 14:45:00 GMT+0530 (India Standard Time) 2023-12-19T09:15:00.037Z 
undefined 2 message scheduled task Tue Dec 19 2023 15:55:04 GMT+0530 (India Standard Time) 2023-12-19T10:25:04.572Z 
undefined 2 message scheduled task Tue Dec 19 2023 16:00:00 GMT+0530 (India Standard Time) 2023-12-19T10:30:00.016Z 
undefined 2 message scheduled task Tue Dec 19 2023 16:05:00 GMT+0530 (India Standard Time) 2023-12-19T10:35:00.021Z 
undefined 2 message scheduled task Tue Dec 19 2023 16:10:00 GMT+0530 (India Standard Time) 2023-12-19T10:40:00.020Z 
undefined 2 message scheduled task Tue Dec 19 2023 16:20:00 GMT+0530 (India Standard Time) 2023-12-19T10:50:00.032Z 
undefined 2 message scheduled task Tue Dec 19 2023 16:25:00 GMT+0530 (India Standard Time) 2023-12-19T10:55:00.027Z 
undefined 2 message scheduled task Tue Dec 19 2023 16:30:00 GMT+0530 (India Standard Time) 2023-12-19T11:00:00.017Z 
undefined 2 message scheduled task Tue Dec 19 2023 16:35:00 GMT+0530 (India Standard Time) 2023-12-19T11:05:00.011Z 
undefined 2 message scheduled task Tue Dec 19 2023 16:40:00 GMT+0530 (India Standard Time) 2023-12-19T11:10:00.012Z 
undefined 2 message scheduled task Tue Dec 19 2023 17:00:00 GMT+0530 (India Standard Time) 2023-12-19T11:30:00.028Z 
undefined 2 message scheduled task Tue Dec 19 2023 17:05:00 GMT+0530 (India Standard Time) 2023-12-19T11:35:00.013Z 
undefined 2 message scheduled task Tue Dec 19 2023 17:10:00 GMT+0530 (India Standard Time) 2023-12-19T11:40:00.016Z 
undefined 2 message scheduled task Tue Dec 19 2023 17:15:00 GMT+0530 (India Standard Time) 2023-12-19T11:45:00.025Z 
undefined 2 message scheduled task Tue Dec 19 2023 17:20:00 GMT+0530 (India Standard Time) 2023-12-19T11:50:00.027Z 
undefined 2 message scheduled task Tue Dec 19 2023 17:25:00 GMT+0530 (India Standard Time) 2023-12-19T11:55:00.020Z 
undefined 2 message scheduled task Tue Dec 19 2023 17:30:00 GMT+0530 (India Standard Time) 2023-12-19T12:00:00.019Z 
undefined 2 message scheduled task Tue Dec 19 2023 17:35:00 GMT+0530 (India Standard Time) 2023-12-19T12:05:00.022Z 
undefined 2 message scheduled task Tue Dec 19 2023 17:40:00 GMT+0530 (India Standard Time) 2023-12-19T12:10:00.017Z 
undefined 2 message scheduled task Tue Dec 19 2023 17:45:00 GMT+0530 (India Standard Time) 2023-12-19T12:15:00.020Z 
undefined 2 message scheduled task Tue Dec 19 2023 17:50:00 GMT+0530 (India Standard Time) 2023-12-19T12:20:00.013Z 
undefined 2 message scheduled task Tue Dec 19 2023 18:00:00 GMT+0530 (India Standard Time) 2023-12-19T12:30:00.030Z 
undefined 2 message scheduled task Tue Dec 19 2023 18:05:00 GMT+0530 (India Standard Time) 2023-12-19T12:35:00.033Z 
undefined 2 message scheduled task Tue Dec 19 2023 18:10:00 GMT+0530 (India Standard Time) 2023-12-19T12:40:00.028Z 
undefined 2 message scheduled task Tue Dec 19 2023 18:15:00 GMT+0530 (India Standard Time) 2023-12-19T12:45:00.024Z 
undefined 2 message scheduled task Tue Dec 19 2023 18:20:00 GMT+0530 (India Standard Time) 2023-12-19T12:50:00.032Z 
undefined 2 message scheduled task Tue Dec 19 2023 18:30:00 GMT+0530 (India Standard Time) 2023-12-19T13:00:00.034Z 
undefined 2 message scheduled task Tue Dec 19 2023 18:35:00 GMT+0530 (India Standard Time) 2023-12-19T13:05:00.018Z 
undefined 2 message scheduled task Tue Dec 19 2023 18:40:00 GMT+0530 (India Standard Time) 2023-12-19T13:10:00.022Z 
undefined 2 message scheduled task Tue Dec 19 2023 18:45:00 GMT+0530 (India Standard Time) 2023-12-19T13:15:00.020Z 
undefined 2 message scheduled task Tue Dec 19 2023 18:50:00 GMT+0530 (India Standard Time) 2023-12-19T13:20:00.017Z 
undefined 2 message scheduled task Tue Dec 19 2023 18:55:00 GMT+0530 (India Standard Time) 2023-12-19T13:25:00.026Z 
undefined 2 message scheduled task Tue Dec 19 2023 19:00:00 GMT+0530 (India Standard Time) 2023-12-19T13:30:00.024Z 
undefined 2 message scheduled task Tue Dec 19 2023 19:05:00 GMT+0530 (India Standard Time) 2023-12-19T13:35:00.042Z 
undefined 2 message scheduled task Tue Dec 19 2023 21:00:00 GMT+0530 (India Standard Time) 2023-12-19T15:30:00.018Z 
undefined 2 message scheduled task Tue Dec 19 2023 21:05:00 GMT+0530 (India Standard Time) 2023-12-19T15:35:00.022Z 
undefined 2 message scheduled task Tue Dec 19 2023 21:10:00 GMT+0530 (India Standard Time) 2023-12-19T15:40:00.018Z 
undefined 2 message scheduled task Tue Dec 19 2023 21:15:00 GMT+0530 (India Standard Time) 2023-12-19T15:45:00.028Z 
undefined 2 message scheduled task Tue Dec 19 2023 21:20:00 GMT+0530 (India Standard Time) 2023-12-19T15:50:00.021Z 
undefined 2 message scheduled task Tue Dec 19 2023 21:25:00 GMT+0530 (India Standard Time) 2023-12-19T15:55:00.024Z 
undefined 2 message scheduled task Tue Dec 19 2023 21:30:00 GMT+0530 (India Standard Time) 2023-12-19T16:00:00.031Z 
undefined 2 message scheduled task Tue Dec 19 2023 21:35:00 GMT+0530 (India Standard Time) 2023-12-19T16:05:00.029Z 
undefined 2 message scheduled task Tue Dec 19 2023 21:40:00 GMT+0530 (India Standard Time) 2023-12-19T16:10:00.035Z 
undefined 2 message scheduled task Tue Dec 19 2023 21:45:00 GMT+0530 (India Standard Time) 2023-12-19T16:15:00.021Z 
undefined 2 message scheduled task Tue Dec 19 2023 21:50:00 GMT+0530 (India Standard Time) 2023-12-19T16:20:00.023Z 
undefined 2 message scheduled task Wed Dec 20 2023 13:15:00 GMT+0530 (India Standard Time) 2023-12-20T07:45:00.034Z 
undefined 2 message scheduled task Wed Dec 20 2023 13:20:00 GMT+0530 (India Standard Time) 2023-12-20T07:50:00.012Z 
undefined 2 message scheduled task Wed Dec 20 2023 13:25:00 GMT+0530 (India Standard Time) 2023-12-20T07:55:00.024Z 
undefined 2 message scheduled task Wed Dec 20 2023 13:30:00 GMT+0530 (India Standard Time) 2023-12-20T08:00:00.024Z 
undefined 2 message scheduled task Wed Dec 20 2023 13:35:00 GMT+0530 (India Standard Time) 2023-12-20T08:05:00.012Z 
undefined 2 message scheduled task Wed Dec 20 2023 13:40:00 GMT+0530 (India Standard Time) 2023-12-20T08:10:00.013Z 
undefined 2 message scheduled task Wed Dec 20 2023 13:45:00 GMT+0530 (India Standard Time) 2023-12-20T08:15:00.022Z 
undefined 2 message scheduled task Wed Dec 20 2023 13:50:00 GMT+0530 (India Standard Time) 2023-12-20T08:20:00.010Z 
undefined 2 message scheduled task Wed Dec 20 2023 13:55:00 GMT+0530 (India Standard Time) 2023-12-20T08:25:00.012Z 
undefined 2 message scheduled task Wed Dec 20 2023 14:00:00 GMT+0530 (India Standard Time) 2023-12-20T08:30:00.006Z 
undefined 2 message scheduled task Wed Dec 20 2023 14:05:00 GMT+0530 (India Standard Time) 2023-12-20T08:35:00.017Z 
undefined 2 message scheduled task Wed Dec 20 2023 14:10:00 GMT+0530 (India Standard Time) 2023-12-20T08:40:00.037Z 
undefined 2 message scheduled task Wed Dec 20 2023 14:15:00 GMT+0530 (India Standard Time) 2023-12-20T08:45:00.035Z 
undefined 2 message scheduled task Wed Dec 20 2023 14:20:00 GMT+0530 (India Standard Time) 2023-12-20T08:50:00.025Z 
undefined 2 message scheduled task Wed Dec 20 2023 14:25:00 GMT+0530 (India Standard Time) 2023-12-20T08:55:00.020Z 
undefined 2 message scheduled task Wed Dec 20 2023 14:30:00 GMT+0530 (India Standard Time) 2023-12-20T09:00:00.021Z 
undefined 2 message scheduled task Wed Dec 20 2023 14:45:00 GMT+0530 (India Standard Time) 2023-12-20T09:15:00.030Z 
undefined 2 message scheduled task Wed Dec 20 2023 14:50:00 GMT+0530 (India Standard Time) 2023-12-20T09:20:00.030Z 
undefined 2 message scheduled task Wed Dec 20 2023 14:55:00 GMT+0530 (India Standard Time) 2023-12-20T09:25:00.013Z 
undefined 2 message scheduled task Wed Dec 20 2023 15:00:00 GMT+0530 (India Standard Time) 2023-12-20T09:30:00.014Z 
undefined 2 message scheduled task Wed Dec 20 2023 15:10:00 GMT+0530 (India Standard Time) 2023-12-20T09:40:00.028Z 
undefined 2 message scheduled task Wed Dec 20 2023 15:15:00 GMT+0530 (India Standard Time) 2023-12-20T09:45:00.012Z 
undefined 2 message scheduled task Wed Dec 20 2023 16:05:00 GMT+0530 (India Standard Time) 2023-12-20T10:35:00.023Z 
undefined 2 message scheduled task Wed Dec 20 2023 16:10:00 GMT+0530 (India Standard Time) 2023-12-20T10:40:00.007Z 
undefined 2 message scheduled task Wed Dec 20 2023 16:15:00 GMT+0530 (India Standard Time) 2023-12-20T10:45:00.033Z 
undefined 2 message scheduled task Wed Dec 20 2023 16:25:00 GMT+0530 (India Standard Time) 2023-12-20T10:55:00.026Z 
undefined 2 message scheduled task Wed Dec 20 2023 16:30:00 GMT+0530 (India Standard Time) 2023-12-20T11:00:00.013Z 
undefined 2 message scheduled task Wed Dec 20 2023 16:35:00 GMT+0530 (India Standard Time) 2023-12-20T11:05:00.024Z 
undefined 2 message scheduled task Wed Dec 20 2023 16:40:00 GMT+0530 (India Standard Time) 2023-12-20T11:10:00.020Z 
undefined 2 message scheduled task Wed Dec 20 2023 16:50:00 GMT+0530 (India Standard Time) 2023-12-20T11:20:00.019Z 
undefined 2 message scheduled task Wed Dec 20 2023 16:55:00 GMT+0530 (India Standard Time) 2023-12-20T11:25:00.016Z 
undefined 2 message scheduled task Wed Dec 20 2023 17:00:00 GMT+0530 (India Standard Time) 2023-12-20T11:30:00.028Z 
undefined 2 message scheduled task Wed Dec 20 2023 17:05:00 GMT+0530 (India Standard Time) 2023-12-20T11:35:00.023Z 
undefined 2 message scheduled task Wed Dec 20 2023 17:10:00 GMT+0530 (India Standard Time) 2023-12-20T11:40:00.023Z 
undefined 2 message scheduled task Wed Dec 20 2023 17:15:00 GMT+0530 (India Standard Time) 2023-12-20T11:45:00.011Z 
undefined 2 message scheduled task Wed Dec 20 2023 17:30:00 GMT+0530 (India Standard Time) 2023-12-20T12:00:00.018Z 
undefined 2 message scheduled task Wed Dec 20 2023 17:35:00 GMT+0530 (India Standard Time) 2023-12-20T12:05:00.025Z 
undefined 2 message scheduled task Wed Dec 20 2023 17:40:00 GMT+0530 (India Standard Time) 2023-12-20T12:10:00.034Z 
undefined 2 message scheduled task Wed Dec 20 2023 17:45:00 GMT+0530 (India Standard Time) 2023-12-20T12:15:00.024Z 
undefined 2 message scheduled task Wed Dec 20 2023 17:50:00 GMT+0530 (India Standard Time) 2023-12-20T12:20:00.026Z 
undefined 2 message scheduled task Wed Dec 20 2023 17:55:00 GMT+0530 (India Standard Time) 2023-12-20T12:25:00.022Z 
undefined 2 message scheduled task Wed Dec 20 2023 18:15:00 GMT+0530 (India Standard Time) 2023-12-20T12:45:00.011Z 
undefined 2 message scheduled task Wed Dec 20 2023 18:20:00 GMT+0530 (India Standard Time) 2023-12-20T12:50:00.042Z 
undefined 2 message scheduled task Wed Dec 20 2023 18:25:00 GMT+0530 (India Standard Time) 2023-12-20T12:55:00.020Z 
undefined 2 message scheduled task Wed Dec 20 2023 18:35:00 GMT+0530 (India Standard Time) 2023-12-20T13:05:00.008Z 
undefined 2 message scheduled task Thu Dec 21 2023 00:10:00 GMT+0530 (India Standard Time) 2023-12-20T18:40:00.009Z 
undefined 2 message scheduled task Thu Dec 21 2023 00:15:00 GMT+0530 (India Standard Time) 2023-12-20T18:45:00.012Z 
undefined 2 message scheduled task Thu Dec 21 2023 00:20:00 GMT+0530 (India Standard Time) 2023-12-20T18:50:00.012Z 
undefined 2 message scheduled task Thu Dec 21 2023 15:35:00 GMT+0530 (India Standard Time) 2023-12-21T10:05:00.044Z 
undefined 2 message scheduled task Thu Dec 21 2023 15:50:00 GMT+0530 (India Standard Time) 2023-12-21T10:20:00.033Z 
undefined 2 message scheduled task Thu Dec 21 2023 15:55:00 GMT+0530 (India Standard Time) 2023-12-21T10:25:00.014Z 
undefined 2 message scheduled task Thu Dec 21 2023 16:00:00 GMT+0530 (India Standard Time) 2023-12-21T10:30:00.055Z 
undefined 2 message scheduled task Thu Dec 21 2023 16:05:00 GMT+0530 (India Standard Time) 2023-12-21T10:35:00.022Z 
undefined 2 message scheduled task Thu Dec 21 2023 16:10:00 GMT+0530 (India Standard Time) 2023-12-21T10:40:00.022Z 
undefined 2 message scheduled task Thu Dec 21 2023 16:15:00 GMT+0530 (India Standard Time) 2023-12-21T10:45:00.018Z 
undefined 2 message scheduled task Thu Dec 21 2023 16:20:00 GMT+0530 (India Standard Time) 2023-12-21T10:50:00.016Z 
undefined 2 message scheduled task Thu Dec 21 2023 16:25:00 GMT+0530 (India Standard Time) 2023-12-21T10:55:00.009Z 
undefined 2 message scheduled task Thu Dec 21 2023 16:30:00 GMT+0530 (India Standard Time) 2023-12-21T11:00:00.016Z 
undefined 2 message scheduled task Thu Dec 21 2023 16:35:00 GMT+0530 (India Standard Time) 2023-12-21T11:05:00.014Z 
undefined 2 message scheduled task Thu Dec 21 2023 16:40:00 GMT+0530 (India Standard Time) 2023-12-21T11:10:00.019Z 
undefined 2 message scheduled task Thu Dec 21 2023 16:45:00 GMT+0530 (India Standard Time) 2023-12-21T11:15:00.019Z 
undefined 2 message scheduled task Thu Dec 21 2023 16:50:00 GMT+0530 (India Standard Time) 2023-12-21T11:20:00.012Z 
undefined 2 message scheduled task Thu Dec 21 2023 16:55:00 GMT+0530 (India Standard Time) 2023-12-21T11:25:00.004Z 
undefined 2 message scheduled task Thu Dec 21 2023 17:00:00 GMT+0530 (India Standard Time) 2023-12-21T11:30:00.009Z 
undefined 2 message scheduled task Thu Dec 21 2023 17:05:00 GMT+0530 (India Standard Time) 2023-12-21T11:35:00.010Z 
undefined 2 message scheduled task Thu Dec 21 2023 17:10:00 GMT+0530 (India Standard Time) 2023-12-21T11:40:00.011Z 
undefined 2 message scheduled task Thu Dec 21 2023 17:15:00 GMT+0530 (India Standard Time) 2023-12-21T11:45:00.015Z 
undefined 2 message scheduled task Thu Dec 21 2023 17:20:00 GMT+0530 (India Standard Time) 2023-12-21T11:50:00.018Z 
undefined 2 message scheduled task Thu Dec 21 2023 17:30:00 GMT+0530 (India Standard Time) 2023-12-21T12:00:00.009Z 
undefined 2 message scheduled task Thu Dec 21 2023 17:40:00 GMT+0530 (India Standard Time) 2023-12-21T12:10:00.019Z 
undefined 2 message scheduled task Thu Dec 21 2023 17:50:00 GMT+0530 (India Standard Time) 2023-12-21T12:20:00.018Z 
undefined 2 message scheduled task Thu Dec 21 2023 17:55:00 GMT+0530 (India Standard Time) 2023-12-21T12:25:00.020Z 
undefined 2 message scheduled task Thu Dec 21 2023 18:00:00 GMT+0530 (India Standard Time) 2023-12-21T12:30:00.019Z 
undefined 2 message scheduled task Thu Dec 21 2023 18:05:00 GMT+0530 (India Standard Time) 2023-12-21T12:35:00.022Z 
undefined 2 message scheduled task Thu Dec 21 2023 18:20:00 GMT+0530 (India Standard Time) 2023-12-21T12:50:00.023Z 
undefined 2 message scheduled task Thu Dec 21 2023 18:40:00 GMT+0530 (India Standard Time) 2023-12-21T13:10:00.010Z 
undefined 2 message scheduled task Thu Dec 21 2023 18:45:00 GMT+0530 (India Standard Time) 2023-12-21T13:15:00.030Z 
undefined 2 message scheduled task Thu Dec 21 2023 18:50:00 GMT+0530 (India Standard Time) 2023-12-21T13:20:00.027Z 
undefined 2 message scheduled task Thu Dec 21 2023 18:55:00 GMT+0530 (India Standard Time) 2023-12-21T13:25:00.021Z 
undefined 2 message scheduled task Thu Dec 21 2023 19:05:00 GMT+0530 (India Standard Time) 2023-12-21T13:35:00.019Z 
undefined 2 message scheduled task Thu Dec 21 2023 19:10:00 GMT+0530 (India Standard Time) 2023-12-21T13:40:00.031Z 
undefined 2 message scheduled task Thu Dec 21 2023 19:15:00 GMT+0530 (India Standard Time) 2023-12-21T13:45:00.025Z 
undefined 2 message scheduled task Thu Dec 21 2023 19:20:00 GMT+0530 (India Standard Time) 2023-12-21T13:50:00.030Z 
undefined 2 message scheduled task Thu Dec 21 2023 19:25:00 GMT+0530 (India Standard Time) 2023-12-21T13:55:00.039Z 
undefined 2 message scheduled task Thu Dec 21 2023 19:30:00 GMT+0530 (India Standard Time) 2023-12-21T14:00:00.016Z 
undefined 2 message scheduled task Thu Dec 21 2023 19:35:00 GMT+0530 (India Standard Time) 2023-12-21T14:05:00.031Z 
undefined 2 message scheduled task Thu Dec 21 2023 19:40:00 GMT+0530 (India Standard Time) 2023-12-21T14:10:00.017Z 
undefined 2 message scheduled task Thu Dec 21 2023 19:50:00 GMT+0530 (India Standard Time) 2023-12-21T14:20:00.023Z 
undefined 2 message scheduled task Thu Dec 21 2023 19:55:00 GMT+0530 (India Standard Time) 2023-12-21T14:25:00.019Z 
undefined 2 message scheduled task Thu Dec 21 2023 20:00:00 GMT+0530 (India Standard Time) 2023-12-21T14:30:00.038Z 
undefined 2 message scheduled task Thu Dec 21 2023 20:05:00 GMT+0530 (India Standard Time) 2023-12-21T14:35:00.039Z 
undefined 2 message scheduled task Thu Dec 21 2023 20:10:00 GMT+0530 (India Standard Time) 2023-12-21T14:40:00.032Z 
undefined 2 message scheduled task Thu Dec 21 2023 20:15:00 GMT+0530 (India Standard Time) 2023-12-21T14:45:00.021Z 
undefined 2 message scheduled task Thu Dec 21 2023 20:25:00 GMT+0530 (India Standard Time) 2023-12-21T14:55:00.025Z 
undefined 2 message scheduled task Thu Dec 21 2023 20:30:00 GMT+0530 (India Standard Time) 2023-12-21T15:00:00.017Z 
undefined 2 message scheduled task Thu Dec 21 2023 20:35:00 GMT+0530 (India Standard Time) 2023-12-21T15:05:00.013Z 
undefined 2 message scheduled task Thu Dec 21 2023 20:40:00 GMT+0530 (India Standard Time) 2023-12-21T15:10:00.030Z 
undefined 2 message scheduled task Thu Dec 21 2023 20:50:00 GMT+0530 (India Standard Time) 2023-12-21T15:20:00.020Z 
undefined 2 message scheduled task Thu Dec 21 2023 20:55:00 GMT+0530 (India Standard Time) 2023-12-21T15:25:00.026Z 
undefined 2 message scheduled task Thu Dec 21 2023 21:00:00 GMT+0530 (India Standard Time) 2023-12-21T15:30:00.013Z 
undefined 2 message scheduled task Thu Dec 21 2023 21:05:00 GMT+0530 (India Standard Time) 2023-12-21T15:35:00.015Z 
undefined 2 message scheduled task Thu Dec 21 2023 21:15:00 GMT+0530 (India Standard Time) 2023-12-21T15:45:00.017Z 
undefined 2 message scheduled task Thu Dec 21 2023 21:20:00 GMT+0530 (India Standard Time) 2023-12-21T15:50:00.029Z 
undefined 2 message scheduled task Thu Dec 21 2023 22:20:00 GMT+0530 (India Standard Time) 2023-12-21T16:50:00.029Z 
undefined 2 message scheduled task Thu Dec 21 2023 22:25:00 GMT+0530 (India Standard Time) 2023-12-21T16:55:00.018Z 
undefined 2 message scheduled task Thu Dec 21 2023 22:30:00 GMT+0530 (India Standard Time) 2023-12-21T17:00:00.043Z 
undefined 2 message scheduled task Thu Dec 21 2023 22:35:00 GMT+0530 (India Standard Time) 2023-12-21T17:05:00.022Z 
undefined 2 message scheduled task Thu Dec 21 2023 22:40:00 GMT+0530 (India Standard Time) 2023-12-21T17:10:00.035Z 
undefined 2 message scheduled task Thu Dec 21 2023 22:45:00 GMT+0530 (India Standard Time) 2023-12-21T17:15:00.026Z 
undefined 2 message scheduled task Thu Dec 21 2023 22:50:00 GMT+0530 (India Standard Time) 2023-12-21T17:20:00.046Z 
